Performing C SOURCE FILE Test CMAKE_HAVE_LIBC_PTHREAD failed with the following output:
Change Dir: /home/ubuntu/code/leetcode/2.add-two-numbers/build/CMakeFiles/CMakeTmp

Run Build Command(s):/usr/bin/make -f Makefile cmTC_66db7/fast && /usr/bin/make  -f CMakeFiles/cmTC_66db7.dir/build.make CMakeFiles/cmTC_66db7.dir/build
make[1]: Entering directory '/home/ubuntu/code/leetcode/2.add-two-numbers/build/CMakeFiles/CMakeTmp'
Building C object CMakeFiles/cmTC_66db7.dir/src.c.o
/usr/bin/clang -DCMAKE_HAVE_LIBC_PTHREAD   -MD -MT CMakeFiles/cmTC_66db7.dir/src.c.o -MF CMakeFiles/cmTC_66db7.dir/src.c.o.d -o CMakeFiles/cmTC_66db7.dir/src.c.o -c /home/ubuntu/code/leetcode/2.add-two-numbers/build/CMakeFiles/CMakeTmp/src.c
Linking C executable cmTC_66db7
/snap/cmake/888/bin/cmake -E cmake_link_script CMakeFiles/cmTC_66db7.dir/link.txt --verbose=1
/usr/bin/clang -rdynamic CMakeFiles/cmTC_66db7.dir/src.c.o -o cmTC_66db7 
/usr/bin/ld: CMakeFiles/cmTC_66db7.dir/src.c.o: in function `main':
src.c:(.text+0x25): undefined reference to `pthread_create'
/usr/bin/ld: src.c:(.text+0x31): undefined reference to `pthread_detach'
/usr/bin/ld: src.c:(.text+0x3d): undefined reference to `pthread_cancel'
/usr/bin/ld: src.c:(.text+0x4f): undefined reference to `pthread_join'
clang: error: linker command failed with exit code 1 (use -v to see invocation)
make[1]: *** [CMakeFiles/cmTC_66db7.dir/build.make:100: cmTC_66db7] Error 1
make[1]: Leaving directory '/home/ubuntu/code/leetcode/2.add-two-numbers/build/CMakeFiles/CMakeTmp'
make: *** [Makefile:127: cmTC_66db7/fast] Error 2


Source file was:
#include <pthread.h>

static void* test_func(void* data)
{
  return data;
}

int main(void)
{
  pthread_t thread;
  pthread_create(&thread, NULL, test_func, NULL);
  pthread_detach(thread);
  pthread_cancel(thread);
  pthread_join(thread, NULL);
  pthread_atfork(NULL, NULL, NULL);
  pthread_exit(NULL);

  return 0;
}

Determining if the function pthread_create exists in the pthreads failed with the following output:
Change Dir: /home/ubuntu/code/leetcode/2.add-two-numbers/build/CMakeFiles/CMakeTmp

Run Build Command(s):/usr/bin/make -f Makefile cmTC_6ac4b/fast && /usr/bin/make  -f CMakeFiles/cmTC_6ac4b.dir/build.make CMakeFiles/cmTC_6ac4b.dir/build
make[1]: Entering directory '/home/ubuntu/code/leetcode/2.add-two-numbers/build/CMakeFiles/CMakeTmp'
Building C object CMakeFiles/cmTC_6ac4b.dir/CheckFunctionExists.c.o
/usr/bin/clang   -DCHECK_FUNCTION_EXISTS=pthread_create -MD -MT CMakeFiles/cmTC_6ac4b.dir/CheckFunctionExists.c.o -MF CMakeFiles/cmTC_6ac4b.dir/CheckFunctionExists.c.o.d -o CMakeFiles/cmTC_6ac4b.dir/CheckFunctionExists.c.o -c /snap/cmake/888/share/cmake-3.20/Modules/CheckFunctionExists.c
Linking C executable cmTC_6ac4b
/snap/cmake/888/bin/cmake -E cmake_link_script CMakeFiles/cmTC_6ac4b.dir/link.txt --verbose=1
/usr/bin/clang  -DCHECK_FUNCTION_EXISTS=pthread_create -rdynamic CMakeFiles/cmTC_6ac4b.dir/CheckFunctionExists.c.o -o cmTC_6ac4b  -lpthreads 
/usr/bin/ld: cannot find -lpthreads
clang: error: linker command failed with exit code 1 (use -v to see invocation)
make[1]: *** [CMakeFiles/cmTC_6ac4b.dir/build.make:100: cmTC_6ac4b] Error 1
make[1]: Leaving directory '/home/ubuntu/code/leetcode/2.add-two-numbers/build/CMakeFiles/CMakeTmp'
make: *** [Makefile:127: cmTC_6ac4b/fast] Error 2



